<?xml version="1.0" encoding="UTF-8"?>
<!-- Generated by org.testng.reporters.JUnitReportReporter -->
<testsuite hostname="Megas-MacBook-Pro.local" failures="0" tests="1" name="GetMega.MegaAppium.ProdAppLogin" time="651.928" errors="0" timestamp="2021-05-17T11:09:43 IST" skipped="0">
  <testcase classname="GetMega.MegaAppium.ProdAppLogin" name="Login" time="651.928"/>
  <system-out/>
</testsuite> <!-- GetMega.MegaAppium.ProdAppLogin -->
