<?xml version="1.0" encoding="UTF-8"?>
<!-- Generated by org.testng.reporters.JUnitReportReporter -->
<testsuite hostname="Megas-MacBook-Pro.local" failures="0" tests="1" name="GetMega.MegaAppium.ProdSwitchTable" time="322.948" errors="1" timestamp="2020-10-17T15:14:21 IST" skipped="0">
  <testcase classname="GetMega.MegaAppium.ProdSwitchTable" name="SitTable" time="322.948">
    <error message="WebDriver command failed to run on kobitonSessionId: 1932909 
Build info: version: &#039;3.141.59&#039;, revision: &#039;e82be7d358&#039;, time: &#039;2018-11-14T08:17:03&#039;
System info: host: &#039;Megas-MacBook-Pro.local&#039;, ip: &#039;2405:204:5317:ada:915a:1d78:b311:89d5%en0&#039;, os.name: &#039;Mac OS X&#039;, os.arch: &#039;x86_64&#039;, os.version: &#039;10.15.6&#039;, java.version: &#039;13.0.2&#039;
Driver info: io.appium.java_client.android.AndroidDriver
Capabilities {app: /Users/bryan/Library/Applic..., appActivity: com.mega.app.ui.root.RootAc..., appOS: ANDROID, appPackage: com.mega.app, appUrl: https://kobiton-us-east.s3...., appVersionId: 98226, automationName: UIAutomator2, captureScreenshots: true, chromeDriverPort: 11119, chromeOptions: {w3c: false}, chromedriverChromeMappingFile: /Applications/Kobiton.app/C..., chromedriverExecutableDir: /Applications/Kobiton.app/C..., databaseEnabled: false, desired: {app: /Users/bryan/Library/Applic..., appActivity: com.mega.app.ui.root.RootAc..., appOS: ANDROID, appPackage: com.mega.app, appUrl: https://kobiton-us-east.s3...., appVersionId: 98226, automationName: UIAutomator2, captureScreenshots: true, chromeDriverPort: 11119, chromeOptions: {w3c: false}, chromedriverChromeMappingFile: /Applications/Kobiton.app/C..., chromedriverExecutableDir: /Applications/Kobiton.app/C..., deviceGroup: ORGANIZATION, deviceName: Redmi 7, deviceOrientation: portrait, fullReset: false, noReset: true, orientation: PORTRAIT, platformName: Android, platformVersion: 9, sessionDescription: , sessionName: Automation test session, udid: 3d55069b}, deviceApiLevel: 28, deviceGroup: ORGANIZATION, deviceManufacturer: Xiaomi, deviceModel: Redmi 7, deviceName: 3d55069b, deviceOrientation: portrait, deviceScreenDensity: 320, deviceScreenSize: 720x1520, deviceUDID: 3d55069b, fullReset: false, javascriptEnabled: true, kobitonSessionId: 1932909, locationContextEnabled: false, networkConnectionEnabled: true, noReset: true, orientation: PORTRAIT, pixelRatio: 2, platform: LINUX, platformName: Android, platformVersion: 9, sessionDescription: , sessionName: Automation test session, statBarHeight: 64, takesScreenshot: true, udid: 3d55069b, versions: {appiumVersion: 1.17.1, nodeVersion: v10.11.0}, viewportRect: {height: 1305, left: 0, top: 64, width: 720}, warnings: {}, webStorageEnabled: false}
Session ID: cd00c947-e02c-4daa-ab0c-7864e46f3ee5" type="org.openqa.selenium.WebDriverException">
      <![CDATA[org.openqa.selenium.WebDriverException: WebDriver command failed to run on kobitonSessionId: 1932909 
Build info: version: '3.141.59', revision: 'e82be7d358', time: '2018-11-14T08:17:03'
System info: host: 'Megas-MacBook-Pro.local', ip: '2405:204:5317:ada:915a:1d78:b311:89d5%en0', os.name: 'Mac OS X', os.arch: 'x86_64', os.version: '10.15.6', java.version: '13.0.2'
Driver info: io.appium.java_client.android.AndroidDriver
Capabilities {app: /Users/bryan/Library/Applic..., appActivity: com.mega.app.ui.root.RootAc..., appOS: ANDROID, appPackage: com.mega.app, appUrl: https://kobiton-us-east.s3...., appVersionId: 98226, automationName: UIAutomator2, captureScreenshots: true, chromeDriverPort: 11119, chromeOptions: {w3c: false}, chromedriverChromeMappingFile: /Applications/Kobiton.app/C..., chromedriverExecutableDir: /Applications/Kobiton.app/C..., databaseEnabled: false, desired: {app: /Users/bryan/Library/Applic..., appActivity: com.mega.app.ui.root.RootAc..., appOS: ANDROID, appPackage: com.mega.app, appUrl: https://kobiton-us-east.s3...., appVersionId: 98226, automationName: UIAutomator2, captureScreenshots: true, chromeDriverPort: 11119, chromeOptions: {w3c: false}, chromedriverChromeMappingFile: /Applications/Kobiton.app/C..., chromedriverExecutableDir: /Applications/Kobiton.app/C..., deviceGroup: ORGANIZATION, deviceName: Redmi 7, deviceOrientation: portrait, fullReset: false, noReset: true, orientation: PORTRAIT, platformName: Android, platformVersion: 9, sessionDescription: , sessionName: Automation test session, udid: 3d55069b}, deviceApiLevel: 28, deviceGroup: ORGANIZATION, deviceManufacturer: Xiaomi, deviceModel: Redmi 7, deviceName: 3d55069b, deviceOrientation: portrait, deviceScreenDensity: 320, deviceScreenSize: 720x1520, deviceUDID: 3d55069b, fullReset: false, javascriptEnabled: true, kobitonSessionId: 1932909, locationContextEnabled: false, networkConnectionEnabled: true, noReset: true, orientation: PORTRAIT, pixelRatio: 2, platform: LINUX, platformName: Android, platformVersion: 9, sessionDescription: , sessionName: Automation test session, statBarHeight: 64, takesScreenshot: true, udid: 3d55069b, versions: {appiumVersion: 1.17.1, nodeVersion: v10.11.0}, viewportRect: {height: 1305, left: 0, top: 64, width: 720}, warnings: {}, webStorageEnabled: false}
Session ID: cd00c947-e02c-4daa-ab0c-7864e46f3ee5
at java.base/jdk.internal.reflect.NativeConstructorAccessorImpl.newInstance0(Native Method)
at java.base/jdk.internal.reflect.NativeConstructorAccessorImpl.newInstance(NativeConstructorAccessorImpl.java:62)
at java.base/jdk.internal.reflect.DelegatingConstructorAccessorImpl.newInstance(DelegatingConstructorAccessorImpl.java:45)
at java.base/java.lang.reflect.Constructor.newInstanceWithCaller(Constructor.java:500)
at java.base/java.lang.reflect.Constructor.newInstance(Constructor.java:481)
at org.openqa.selenium.remote.http.W3CHttpResponseCodec.createException(W3CHttpResponseCodec.java:187)
at org.openqa.selenium.remote.http.W3CHttpResponseCodec.decode(W3CHttpResponseCodec.java:122)
at org.openqa.selenium.remote.http.W3CHttpResponseCodec.decode(W3CHttpResponseCodec.java:49)
at org.openqa.selenium.remote.HttpCommandExecutor.execute(HttpCommandExecutor.java:158)
at io.appium.java_client.remote.AppiumCommandExecutor.execute(AppiumCommandExecutor.java:239)
at org.openqa.selenium.remote.RemoteWebDriver.execute(RemoteWebDriver.java:552)
at io.appium.java_client.DefaultGenericMobileDriver.execute(DefaultGenericMobileDriver.java:45)
at io.appium.java_client.AppiumDriver.execute(AppiumDriver.java:1)
at io.appium.java_client.android.AndroidDriver.execute(AndroidDriver.java:1)
at org.openqa.selenium.remote.RemoteWebDriver.close(RemoteWebDriver.java:442)
at GetMega.MegaAppium.ProdSwitchTable.SitTable(ProdSwitchTable.java:71)
at java.base/jdk.internal.reflect.NativeMethodAccessorImpl.invoke0(Native Method)
at java.base/jdk.internal.reflect.NativeMethodAccessorImpl.invoke(NativeMethodAccessorImpl.java:62)
at java.base/jdk.internal.reflect.DelegatingMethodAccessorImpl.invoke(DelegatingMethodAccessorImpl.java:43)
at java.base/java.lang.reflect.Method.invoke(Method.java:567)
at org.testng.internal.MethodInvocationHelper.invokeMethod(MethodInvocationHelper.java:135)
at org.testng.internal.TestInvoker.invokeMethod(TestInvoker.java:598)
at org.testng.internal.TestInvoker.invokeTestMethod(TestInvoker.java:174)
at org.testng.internal.MethodRunner.runInSequence(MethodRunner.java:46)
at org.testng.internal.TestInvoker$MethodInvocationAgent.invoke(TestInvoker.java:821)
at org.testng.internal.TestInvoker.invokeTestMethods(TestInvoker.java:147)
at org.testng.internal.TestMethodWorker.invokeTestMethods(TestMethodWorker.java:146)
at org.testng.internal.TestMethodWorker.run(TestMethodWorker.java:128)
at java.base/java.util.ArrayList.forEach(ArrayList.java:1507)
at org.testng.TestRunner.privateRun(TestRunner.java:767)
at org.testng.TestRunner.run(TestRunner.java:588)
at org.testng.SuiteRunner.runTest(SuiteRunner.java:384)
at org.testng.SuiteRunner.runSequentially(SuiteRunner.java:378)
at org.testng.SuiteRunner.privateRun(SuiteRunner.java:337)
at org.testng.SuiteRunner.run(SuiteRunner.java:286)
at org.testng.SuiteRunnerWorker.runSuite(SuiteRunnerWorker.java:53)
at org.testng.SuiteRunnerWorker.run(SuiteRunnerWorker.java:96)
at org.testng.TestNG.runSuitesSequentially(TestNG.java:1214)
at org.testng.TestNG.runSuitesLocally(TestNG.java:1136)
at org.testng.TestNG.runSuites(TestNG.java:1066)
at org.testng.TestNG.run(TestNG.java:1034)
at org.testng.remote.AbstractRemoteTestNG.run(AbstractRemoteTestNG.java:115)
at org.testng.remote.RemoteTestNG.initAndRun(RemoteTestNG.java:251)
at org.testng.remote.RemoteTestNG.main(RemoteTestNG.java:77)
]]>
    </error>
  </testcase> <!-- SitTable -->
  <system-out/>
</testsuite> <!-- GetMega.MegaAppium.ProdSwitchTable -->
