<?xml version="1.0" encoding="UTF-8"?>
<!-- Generated by org.testng.reporters.JUnitReportReporter -->
<testsuite hostname="Megas-MacBook-Pro.local" failures="0" tests="1" name="GetMega.MegaAppium.InstallProdFromWebsite" time="197.130" errors="0" timestamp="2020-11-03T18:42:04 IST" skipped="0">
  <testcase classname="GetMega.MegaAppium.InstallProdFromWebsite" name="InstallApp" time="197.130"/>
  <system-out/>
</testsuite> <!-- GetMega.MegaAppium.InstallProdFromWebsite -->
