<?xml version="1.0" encoding="UTF-8"?>
<!-- Generated by org.testng.reporters.JUnitReportReporter -->
<testsuite hostname="Megas-MacBook-Pro.local" failures="0" tests="1" name="GetMega.MegaAppium.AppLogin" time="126.005" errors="0" timestamp="2020-12-07T18:44:11 IST" skipped="0">
  <testcase classname="GetMega.MegaAppium.AppLogin" name="Login" time="126.005"/>
  <system-out/>
</testsuite> <!-- GetMega.MegaAppium.AppLogin -->
