<?xml version="1.0" encoding="UTF-8"?>
<!-- Generated by org.testng.reporters.JUnitReportReporter -->
<testsuite hostname="Megas-MacBook-Pro.local" failures="0" tests="1" name="GetMega.MegaAppium.AppTest" time="0.003" errors="0" timestamp="2020-09-30T12:42:33 IST" skipped="0">
  <testcase classname="GetMega.MegaAppium.AppTest" name="shouldAnswerWithTrue" time="0.003"/>
  <system-out/>
</testsuite> <!-- GetMega.MegaAppium.AppTest -->
